
2023-05-21 23:20:17,180 server.log INFO: Server is listening at 12345
2023-05-21 23:20:58,931 server.log INFO: Connected to ('127.0.0.1', 49575).
2023-05-22 01:11:13,672 server.log INFO: Server is listening at 12345
2023-05-22 01:11:56,333 server.log INFO: Connected to ('127.0.0.1', 50894).
2023-05-22 01:14:33,420 server.log INFO: Connected to ('127.0.0.1', 50901).
2024-02-03 15:04:55,419 server.log INFO: Server is listening at 500
2024-02-03 15:07:07,330 server.log INFO: Server is listening at 8443
2024-02-04 13:21:48,073 - server - INFO - Server is listening at 500
2024-02-04 13:25:52,611 - server - INFO - Accepted connection from ('127.0.0.1', 49323)
2024-02-04 13:25:52,612 - server - INFO - Handling client ('127.0.0.1', 49323) connection
2024-02-04 13:26:54,481 - server - INFO - Accepted connection from ('127.0.0.1', 49325)
2024-02-04 13:26:54,481 - server - INFO - Handling client ('127.0.0.1', 49325) connection
2024-02-10 20:57:01,466 - server - INFO - Server is listening at 500
2024-02-10 20:57:02,467 - server - ERROR - Fatal error: catching classes that do not inherit from BaseException is not allowed
2024-02-10 21:03:03,134 - server - INFO - Server is listening at 500
2024-02-10 21:03:04,136 - server - ERROR - Fatal error: catching classes that do not inherit from BaseException is not allowed
2024-02-10 21:04:31,591 - server - INFO - Server is listening at 500
2024-02-10 21:04:44,689 - server - ERROR - Fatal error: catching classes that do not inherit from BaseException is not allowed
2024-02-10 21:04:53,167 - server - INFO - Server is listening at 500
2024-02-10 21:05:10,464 - server - ERROR - Fatal error: catching classes that do not inherit from BaseException is not allowed
2024-02-10 21:34:55,209 - server - INFO - Server is listening at 500
2024-02-10 21:34:55,210 - server - ERROR - Fatal error: [Errno 9] Bad file descriptor
2024-02-10 21:36:41,523 - server - INFO - Server is listening at 500
2024-02-10 21:36:41,523 - server - ERROR - Fatal error: [Errno 9] Bad file descriptor
2024-02-10 21:37:19,734 - server - INFO - Server is listening at 500
2024-02-10 21:38:36,288 - server - INFO - Server is listening at 500
2024-02-10 21:50:09,078 - server - INFO - Server is listening at 500
2024-02-10 21:50:09,078 - server - ERROR - Fatal error: [Errno 9] Bad file descriptor
2024-02-10 21:51:18,207 - server - INFO - Server is listening at 500
2024-02-10 21:51:28,955 - server - INFO - Server shutdown completed at 1707562288.95521

2024-02-10 21:51:56,783 - server - INFO - Server is listening at 500
2024-02-10 21:51:59,507 - server - INFO - Server shutdown completed at 1707562319.507639
2024-02-10 21:56:47,277 - server - INFO - Server is listening at 500
2024-02-10 21:56:47,278 - server - ERROR - Fatal error: [Errno 9] Bad file descriptor
2024-02-10 21:58:03,185 - server - INFO - Server is listening at 500
2024-02-10 21:58:03,185 - server - ERROR - Fatal error: [Errno 9] Bad file descriptor
2024-02-10 21:59:38,214 - server - INFO - Server is listening at 500
2024-02-10 21:59:38,214 - server - ERROR - Fatal error: [Errno 9] Bad file descriptor
2024-02-10 22:02:16,289 - server - INFO - Server is listening at 500
2024-02-10 22:02:16,290 - server - ERROR - Fatal error: [Errno 9] Bad file descriptor
2024-02-10 22:03:34,409 - server - INFO - Server is listening at 500
2024-02-10 22:03:40,511 - server - INFO - Server shutdown completed
2024-02-10 22:03:44,410 - server - INFO - Server shutdown completed
2024-02-10 22:03:44,411 - server - ERROR - Fatal error: catching classes that do not inherit from BaseException is not allowed
2024-02-10 22:04:06,189 - server - INFO - Server is listening at 500
2024-02-10 22:04:16,191 - server - INFO - Server shutdown completed
2024-02-10 22:04:16,192 - server - ERROR - Fatal error: catching classes that do not inherit from BaseException is not allowed
2024-02-10 22:06:38,676 - server - INFO - Server is listening at 500
2024-02-10 22:06:48,679 - server - INFO - Server shutdown completed
2024-02-10 22:06:48,680 - server - ERROR - Fatal error: catching classes that do not inherit from BaseException is not allowed
2024-02-10 22:13:12,408 - server - INFO - Server is listening at 500
2024-02-10 22:13:22,410 - server - INFO - Server shutdown completed
2024-02-10 22:13:22,411 - server - ERROR - Fatal error: catching classes that do not inherit from BaseException is not allowed
2024-02-10 22:19:40,273 - server - INFO - Server is listening at 500
2024-02-10 22:19:50,275 - server - INFO - Server shutdown completed
2024-02-10 22:19:50,276 - server - ERROR - Fatal error: catching classes that do not inherit from BaseException is not allowed
2024-02-10 22:21:59,329 - server - INFO - Server is listening at 500
2024-02-10 22:22:09,346 - server - INFO - Server shutdown completed
2024-02-10 22:22:09,347 - server - ERROR - Fatal error: catching classes that do not inherit from BaseException is not allowed
2024-02-10 22:22:48,127 - server - INFO - Server is listening at 500
2024-02-10 22:22:58,130 - server - INFO - Server shutdown completed
2024-02-10 22:22:58,131 - server - ERROR - Fatal error: catching classes that do not inherit from BaseException is not allowed
2024-02-10 22:54:30,548 - server - INFO - Server is listening at 500
2024-02-10 22:54:40,551 - server - INFO - Server shutdown completed
2024-02-10 22:54:40,552 - server - ERROR - Fatal error: catching classes that do not inherit from BaseException is not allowed
2024-02-10 22:59:41,422 - server - INFO - Server is listening at 500
2024-02-10 22:59:51,424 - server - INFO - Server shutdown completed
2024-02-10 22:59:51,425 - server - ERROR - Fatal error: catching classes that do not inherit from BaseException is not allowed
2024-02-10 23:01:40,952 - server - INFO - Server is listening at 500
2024-02-10 23:02:05,542 - server - INFO - Server shutdown completed
2024-02-10 23:03:48,887 - server - INFO - Server is listening at 500
2024-02-10 23:04:08,764 - server - INFO - Server shutdown completed
2024-02-10 23:04:08,766 - server - ERROR - Fatal error: catching classes that do not inherit from BaseException is not allowed
2024-02-10 23:05:33,160 - server - INFO - Server is listening at 500
2024-02-10 23:05:54,544 - server - INFO - Server shutdown completed
2024-02-10 23:05:54,545 - server - ERROR - Fatal error: catching classes that do not inherit from BaseException is not allowed
2024-02-10 23:18:07,449 - server - INFO - Server is listening at 500
2024-02-10 23:18:25,284 - server - INFO - Keyboard interrupt: Shutting down the server
2024-02-10 23:18:25,284 - server - INFO - Server shutdown completed
2024-02-10 23:19:03,394 - server - INFO - Server is listening at 500
2024-02-10 23:19:58,635 - server - INFO - Accepted connection from ('127.0.0.1', 51002)
2024-02-10 23:19:58,637 - server - INFO - Handling client ('127.0.0.1', 51002) connection
2024-02-10 23:24:06,320 - server - INFO - Server shutdown completed
2024-02-10 23:25:58,525 - server - INFO - Server is listening at 500
2024-02-10 23:26:08,527 - server - INFO - Server shutdown completed
2024-02-10 23:29:16,368 - server - INFO - Server is listening at 500
2024-02-10 23:29:26,370 - server - INFO - Server shutdown completed
2024-02-10 23:32:43,501 - server - INFO - Server is listening at 500
2024-02-10 23:32:53,502 - server - INFO - Server shutdown completed
2024-02-10 23:33:03,504 - server - INFO - Server shutdown completed
2024-02-10 23:33:13,506 - server - INFO - Server shutdown completed
2024-02-10 23:33:23,507 - server - INFO - Server shutdown completed
2024-02-10 23:33:28,890 - server - INFO - Accepted connection from ('127.0.0.1', 51043)
2024-02-10 23:33:28,891 - server - INFO - Handling client ('127.0.0.1', 51043) connection
2024-02-10 23:34:10,896 - server - INFO - Server shutdown completed
2024-02-10 23:34:10,901 - server - INFO - Server shutdown completed
2024-02-10 23:36:23,007 - server - INFO - Server is listening at 500
2024-02-10 23:36:39,924 - server - INFO - Accepted connection from ('127.0.0.1', 51053)
2024-02-10 23:36:39,924 - server - INFO - Handling client ('127.0.0.1', 51053) connection
2024-02-10 23:36:43,339 - server - INFO - Accepted connection from ('127.0.0.1', 51054)
2024-02-10 23:36:43,340 - server - INFO - Handling client ('127.0.0.1', 51054) connection
2024-02-10 23:36:50,340 - server - INFO - Accepted connection from ('127.0.0.1', 51055)
2024-02-10 23:36:50,341 - server - INFO - Handling client ('127.0.0.1', 51055) connection
2024-02-10 23:37:51,033 - server - INFO - Keyboard interrupt: Shutting down the server
2024-02-10 23:37:51,034 - server - INFO - Server shutdown completed
2024-02-11 09:55:35,273 - server - INFO - Server is listening at 500
2024-02-11 09:55:57,532 - server - INFO - Accepted connection from ('127.0.0.1', 49482)
2024-02-11 09:55:57,533 - server - INFO - Handling client ('127.0.0.1', 49482) connection
2024-02-11 10:04:21,461 - server - INFO - Keyboard interrupt: Shutting down the server
2024-02-11 10:04:21,463 - server - INFO - Server shutdown completed
2024-02-11 10:04:24,080 - server - INFO - Server is listening at 500
2024-02-11 10:04:45,764 - server - INFO - Accepted connection from ('127.0.0.1', 49520)
2024-02-11 10:04:45,765 - server - INFO - Handling client ('127.0.0.1', 49520) connection
